

2019-01-16T12:22:46.346Z
{
    "author": "Christopher Hitchens",
    "book": "The missionary position, mother Teresa in theory and practice",
    "link": "https://www.amazon.com/missionary-position-mother-Teresa-practice/dp/B002O5IN4O"
}

2019-01-16T12:22:46.988Z
{
    "author": "Dale L Power",
    "book": "Fancy Coffins to Make Yourself (Schiffer Book for Woodworkers)",
    "link": "https://www.amazon.com/Fancy-Coffins-Yourself-Schiffer-Woodworkers/dp/0764312499"
}

2019-01-16T12:22:47.464Z
{
    "author": "Ira Alterman",
    "book": "Games You Can Play with Your Pussy: And Lots of Other Stuff Cat Owners Should Know",
    "link": "https://www.amazon.com/Games-You-Play-Your-Pussy/dp/0983303770"
}

2019-01-16T12:25:05.782Z
{
    "author": "Isabel Gaines",
    "book": "Pooh Gets Stuck (Winnie the Pooh First Reader)",
    "link": "https://www.amazon.com/Pooh-Stuck-Winnie-First-Reader/dp/0786841842"
}

2019-01-16T12:25:09.498Z
{
    "author": "Kathleen Meyer",
    "book": "How to Shit in the Woods, 3rd Edition: An Environmentally Sound Approach to a Lost Art",
    "link": "https://www.amazon.com/How-Shit-Woods-3rd-Environmentally/dp/1580083633"
}

2019-01-16T12:25:10.425Z
Internal Server Error

2019-01-16T12:25:11.402Z
Internal Server Error

2019-01-16T12:25:14.471Z
{
    "author": "Christopher Hitchens",
    "book": "The missionary position, mother Teresa in theory and practice",
    "link": "https://www.amazon.com/missionary-position-mother-Teresa-practice/dp/B002O5IN4O"
}

2019-01-16T12:49:29.939Z
{
    "author": "Christopher Hitchens",
    "book": "The missionary position, mother Teresa in theory and practice",
    "link": "https://www.amazon.com/missionary-position-mother-Teresa-practice/dp/B002O5IN4O"
}

2019-01-16T12:49:30.594Z
{
    "author": "Dale L Power",
    "book": "Fancy Coffins to Make Yourself (Schiffer Book for Woodworkers)",
    "link": "https://www.amazon.com/Fancy-Coffins-Yourself-Schiffer-Woodworkers/dp/0764312499"
}

2019-01-16T12:49:31.057Z
{
    "author": "Ira Alterman",
    "book": "Games You Can Play with Your Pussy: And Lots of Other Stuff Cat Owners Should Know",
    "link": "https://www.amazon.com/Games-You-Play-Your-Pussy/dp/0983303770"
}

2019-01-16T12:49:31.182Z
{
    "author": "Isabel Gaines",
    "book": "Pooh Gets Stuck (Winnie the Pooh First Reader)",
    "link": "https://www.amazon.com/Pooh-Stuck-Winnie-First-Reader/dp/0786841842"
}

2019-01-16T12:49:34.458Z
{
    "author": "Kathleen Meyer",
    "book": "How to Shit in the Woods, 3rd Edition: An Environmentally Sound Approach to a Lost Art",
    "link": "https://www.amazon.com/How-Shit-Woods-3rd-Environmentally/dp/1580083633"
}

2019-01-16T12:49:35.176Z
Internal Server Error

2019-01-16T12:49:35.742Z
Internal Server Error

2019-01-16T12:49:36.307Z
{
    "author": "Christopher Hitchens",
    "book": "The missionary position, mother Teresa in theory and practice",
    "link": "https://www.amazon.com/missionary-position-mother-Teresa-practice/dp/B002O5IN4O"
}

2019-01-16T12:49:37.594Z
{
    "author": "Dale L Power",
    "book": "Fancy Coffins to Make Yourself (Schiffer Book for Woodworkers)",
    "link": "https://www.amazon.com/Fancy-Coffins-Yourself-Schiffer-Woodworkers/dp/0764312499"
}

2019-01-16T12:53:45.881Z
{
    "author": "Christopher Hitchens",
    "book": "The missionary position, mother Teresa in theory and practice",
    "link": "https://www.amazon.com/missionary-position-mother-Teresa-practice/dp/B002O5IN4O"
}

2019-01-16T12:53:46.531Z
{
    "author": "Dale L Power",
    "book": "Fancy Coffins to Make Yourself (Schiffer Book for Woodworkers)",
    "link": "https://www.amazon.com/Fancy-Coffins-Yourself-Schiffer-Woodworkers/dp/0764312499"
}

2019-01-16T12:53:47.044Z
{
    "author": "Ira Alterman",
    "book": "Games You Can Play with Your Pussy: And Lots of Other Stuff Cat Owners Should Know",
    "link": "https://www.amazon.com/Games-You-Play-Your-Pussy/dp/0983303770"
}

2019-01-16T12:53:47.516Z
{
    "author": "Isabel Gaines",
    "book": "Pooh Gets Stuck (Winnie the Pooh First Reader)",
    "link": "https://www.amazon.com/Pooh-Stuck-Winnie-First-Reader/dp/0786841842"
}

2019-01-16T12:53:50.939Z
{
    "author": "Kathleen Meyer",
    "book": "How to Shit in the Woods, 3rd Edition: An Environmentally Sound Approach to a Lost Art",
    "link": "https://www.amazon.com/How-Shit-Woods-3rd-Environmentally/dp/1580083633"
}

2019-01-16T12:53:53.208Z
Internal Server Error

2019-01-16T12:53:53.947Z
Internal Server Error

2019-01-16T12:53:56.226Z
{
    "author": "Christopher Hitchens",
    "book": "The missionary position, mother Teresa in theory and practice",
    "link": "https://www.amazon.com/missionary-position-mother-Teresa-practice/dp/B002O5IN4O"
}

2019-01-16T12:59:56.313Z
{
    "author": "Christopher Hitchens",
    "book": "The missionary position, mother Teresa in theory and practice",
    "link": "https://www.amazon.com/missionary-position-mother-Teresa-practice/dp/B002O5IN4O"
}

2019-01-16T12:59:57.439Z
{
    "author": "Dale L Power",
    "book": "Fancy Coffins to Make Yourself (Schiffer Book for Woodworkers)",
    "link": "https://www.amazon.com/Fancy-Coffins-Yourself-Schiffer-Woodworkers/dp/0764312499"
}

2019-01-16T13:00:43.852Z
{
    "author": "Ira Alterman",
    "book": "Games You Can Play with Your Pussy: And Lots of Other Stuff Cat Owners Should Know",
    "link": "https://www.amazon.com/Games-You-Play-Your-Pussy/dp/0983303770"
}

2019-01-16T13:00:44.599Z
{
    "author": "Isabel Gaines",
    "book": "Pooh Gets Stuck (Winnie the Pooh First Reader)",
    "link": "https://www.amazon.com/Pooh-Stuck-Winnie-First-Reader/dp/0786841842"
}

2019-01-16T13:00:48.198Z
{
    "author": "Kathleen Meyer",
    "book": "How to Shit in the Woods, 3rd Edition: An Environmentally Sound Approach to a Lost Art",
    "link": "https://www.amazon.com/How-Shit-Woods-3rd-Environmentally/dp/1580083633"
}

2019-01-16T13:00:49.934Z
Internal Server Error

2019-01-16T13:00:50.290Z
Internal Server Error

2019-01-16T13:00:50.783Z
{
    "author": "Christopher Hitchens",
    "book": "The missionary position, mother Teresa in theory and practice",
    "link": "https://www.amazon.com/missionary-position-mother-Teresa-practice/dp/B002O5IN4O"
}

2019-01-16T13:02:02.495Z
{
    "author": "Christopher Hitchens",
    "book": "The missionary position, mother Teresa in theory and practice",
    "link": "https://www.amazon.com/missionary-position-mother-Teresa-practice/dp/B002O5IN4O"
}

2019-01-16T13:02:03.047Z
{
    "author": "Dale L Power",
    "book": "Fancy Coffins to Make Yourself (Schiffer Book for Woodworkers)",
    "link": "https://www.amazon.com/Fancy-Coffins-Yourself-Schiffer-Woodworkers/dp/0764312499"
}

2019-01-16T13:05:13.918Z
{
    "author": "Christopher Hitchens",
    "book": "The missionary position, mother Teresa in theory and practice",
    "link": "https://www.amazon.com/missionary-position-mother-Teresa-practice/dp/B002O5IN4O"
}

2019-01-16T13:05:14.448Z
{
    "author": "Dale L Power",
    "book": "Fancy Coffins to Make Yourself (Schiffer Book for Woodworkers)",
    "link": "https://www.amazon.com/Fancy-Coffins-Yourself-Schiffer-Woodworkers/dp/0764312499"
}

2019-01-16T13:05:14.849Z
{
    "author": "Ira Alterman",
    "book": "Games You Can Play with Your Pussy: And Lots of Other Stuff Cat Owners Should Know",
    "link": "https://www.amazon.com/Games-You-Play-Your-Pussy/dp/0983303770"
}

2019-01-16T13:05:15.273Z
{
    "author": "Isabel Gaines",
    "book": "Pooh Gets Stuck (Winnie the Pooh First Reader)",
    "link": "https://www.amazon.com/Pooh-Stuck-Winnie-First-Reader/dp/0786841842"
}

2019-01-16T13:05:18.753Z
{
    "author": "Kathleen Meyer",
    "book": "How to Shit in the Woods, 3rd Edition: An Environmentally Sound Approach to a Lost Art",
    "link": "https://www.amazon.com/How-Shit-Woods-3rd-Environmentally/dp/1580083633"
}

2019-01-16T13:05:19.389Z
Internal Server Error

2019-01-16T13:05:20.011Z
Internal Server Error

2019-01-16T13:05:21.107Z
{
    "author": "Christopher Hitchens",
    "book": "The missionary position, mother Teresa in theory and practice",
    "link": "https://www.amazon.com/missionary-position-mother-Teresa-practice/dp/B002O5IN4O"
}

2019-01-16T13:08:20.459Z
{
    "author": "Christopher Hitchens",
    "book": "The missionary position, mother Teresa in theory and practice",
    "link": "https://www.amazon.com/missionary-position-mother-Teresa-practice/dp/B002O5IN4O"
}

2019-01-16T13:08:21.004Z
{
    "author": "Dale L Power",
    "book": "Fancy Coffins to Make Yourself (Schiffer Book for Woodworkers)",
    "link": "https://www.amazon.com/Fancy-Coffins-Yourself-Schiffer-Woodworkers/dp/0764312499"
}

2019-01-16T13:08:21.513Z
{
    "author": "Ira Alterman",
    "book": "Games You Can Play with Your Pussy: And Lots of Other Stuff Cat Owners Should Know",
    "link": "https://www.amazon.com/Games-You-Play-Your-Pussy/dp/0983303770"
}

2019-01-16T13:08:22.771Z
{
    "author": "Isabel Gaines",
    "book": "Pooh Gets Stuck (Winnie the Pooh First Reader)",
    "link": "https://www.amazon.com/Pooh-Stuck-Winnie-First-Reader/dp/0786841842"
}

2019-01-16T13:08:26.238Z
{
    "author": "Kathleen Meyer",
    "book": "How to Shit in the Woods, 3rd Edition: An Environmentally Sound Approach to a Lost Art",
    "link": "https://www.amazon.com/How-Shit-Woods-3rd-Environmentally/dp/1580083633"
}

2019-01-16T13:08:27.279Z
Internal Server Error

2019-01-16T13:08:27.801Z
Internal Server Error